<?xml version="1.0" encoding="UTF-8"?>
<!-- Generated by org.testng.reporters.JUnitReportReporter -->
<testsuite hostname="LAPTOP-PRLIOCDE" failures="0" tests="3" name="runner.OrdersRunner" time="0.077" errors="0" timestamp="2024-04-14T00:35:16 IST" skipped="0">
  <testcase classname="runner.OrdersRunner" name="runScenario" time="0.060"/>
  <system-out/>
  <testcase classname="runner.OrdersRunner" name="runScenario" time="0.008"/>
  <system-out/>
  <testcase classname="runner.OrdersRunner" name="runScenario" time="0.009"/>
  <system-out/>
</testsuite> <!-- runner.OrdersRunner -->
