<?xml version="1.0" encoding="UTF-8"?>
<!-- Generated by org.testng.reporters.JUnitReportReporter -->
<testsuite hostname="LAPTOP-PRLIOCDE" failures="0" tests="3" name="runner.ProfileRunner" time="0.341" errors="0" timestamp="2024-04-21T16:49:08 IST" skipped="0">
  <testcase classname="runner.ProfileRunner" name="runScenario" time="0.058"/>
  <system-out/>
  <testcase classname="runner.ProfileRunner" name="runScenario" time="0.190"/>
  <system-out/>
  <testcase classname="runner.ProfileRunner" name="runScenario" time="0.093"/>
  <system-out/>
</testsuite> <!-- runner.ProfileRunner -->
