<?xml version="1.0" encoding="UTF-8"?>
<!-- Generated by org.testng.reporters.JUnitReportReporter -->
<testsuite hostname="LAPTOP-PRLIOCDE" failures="0" tests="3" name="runner.ScenarioOutlineRunner" time="0.182" errors="0" timestamp="2024-04-16T00:15:26 IST" skipped="0">
  <testcase classname="runner.ScenarioOutlineRunner" name="runScenario" time="0.089"/>
  <system-out/>
  <testcase classname="runner.ScenarioOutlineRunner" name="runScenario" time="0.036"/>
  <system-out/>
  <testcase classname="runner.ScenarioOutlineRunner" name="runScenario" time="0.057"/>
  <system-out/>
</testsuite> <!-- runner.ScenarioOutlineRunner -->
