<?xml version="1.0" encoding="UTF-8"?>
<!-- Generated by org.testng.reporters.JUnitReportReporter -->
<testsuite hostname="LAPTOP-PRLIOCDE" failures="0" tests="1" name="runner.LoginWithDataRunner" time="0.074" errors="0" timestamp="2024-04-15T23:42:35 IST" skipped="0">
  <testcase classname="runner.LoginWithDataRunner" name="runScenario" time="0.074"/>
  <system-out/>
</testsuite> <!-- runner.LoginWithDataRunner -->
