<?xml version="1.0" encoding="UTF-8"?>
<!-- Generated by org.testng.reporters.JUnitReportReporter -->
<testsuite hostname="LAPTOP-PRLIOCDE" failures="0" tests="1" name="runner.RegistrationRunner" time="0.129" errors="0" timestamp="2024-04-21T15:05:09 IST" skipped="0">
  <testcase classname="runner.RegistrationRunner" name="runScenario" time="0.129"/>
  <system-out/>
</testsuite> <!-- runner.RegistrationRunner -->
