<?xml version="1.0" encoding="UTF-8"?>
<!-- Generated by org.testng.reporters.JUnitReportReporter -->
<testsuite hostname="LAPTOP-PRLIOCDE" failures="0" tests="1" name="runner.PlaceOrderRunner" time="0.136" errors="0" timestamp="2024-04-20T01:26:55 IST" skipped="0">
  <testcase classname="runner.PlaceOrderRunner" name="runScenario" time="0.136"/>
  <system-out/>
</testsuite> <!-- runner.PlaceOrderRunner -->
