<?xml version="1.0" encoding="UTF-8"?>
<!-- Generated by org.testng.reporters.JUnitReportReporter -->
<testsuite hostname="LAPTOP-PRLIOCDE" failures="0" tests="1" name="runner.campaignRunner" time="0.301" errors="0" timestamp="2024-06-01T22:09:57 IST" skipped="0">
  <testcase classname="runner.campaignRunner" name="runScenario" time="0.301"/>
  <system-out/>
</testsuite> <!-- runner.campaignRunner -->
